[     298ms] [INFO] %cDownload the React DevTools for a better development experience: https://reactjs.org/link/react-devtools font-weight:bold @ http://localhost:5173/node_modules/.vite/deps/chunk-PJEEZAML.js?v=da80ea23:21550
[     346ms] ReferenceError: Radio is not defined
    at FieldPortal (http://localhost:5173/src/pages/FieldPortal.jsx:106:102)
    at renderWithHooks (http://localhost:5173/node_modules/.vite/deps/chunk-PJEEZAML.js?v=da80ea23:11548:26)
    at mountIndeterminateComponent (http://localhost:5173/node_modules/.vite/deps/chunk-PJEEZAML.js?v=da80ea23:14926:21)
    at beginWork (http://localhost:5173/node_modules/.vite/deps/chunk-PJEEZAML.js?v=da80ea23:15914:22)
    at HTMLUnknownElement.callCallback2 (http://localhost:5173/node_modules/.vite/deps/chunk-PJEEZAML.js?v=da80ea23:3674:22)
    at Object.invokeGuardedCallbackDev (http://localhost:5173/node_modules/.vite/deps/chunk-PJEEZAML.js?v=da80ea23:3699:24)
    at invokeGuardedCallback (http://localhost:5173/node_modules/.vite/deps/chunk-PJEEZAML.js?v=da80ea23:3733:39)
    at beginWork$1 (http://localhost:5173/node_modules/.vite/deps/chunk-PJEEZAML.js?v=da80ea23:19765:15)
    at performUnitOfWork (http://localhost:5173/node_modules/.vite/deps/chunk-PJEEZAML.js?v=da80ea23:19198:20)
    at workLoopSync (http://localhost:5173/node_modules/.vite/deps/chunk-PJEEZAML.js?v=da80ea23:19137:13)
[     348ms] ReferenceError: Radio is not defined
    at FieldPortal (http://localhost:5173/src/pages/FieldPortal.jsx:106:102)
    at renderWithHooks (http://localhost:5173/node_modules/.vite/deps/chunk-PJEEZAML.js?v=da80ea23:11548:26)
    at mountIndeterminateComponent (http://localhost:5173/node_modules/.vite/deps/chunk-PJEEZAML.js?v=da80ea23:14926:21)
    at beginWork (http://localhost:5173/node_modules/.vite/deps/chunk-PJEEZAML.js?v=da80ea23:15914:22)
    at HTMLUnknownElement.callCallback2 (http://localhost:5173/node_modules/.vite/deps/chunk-PJEEZAML.js?v=da80ea23:3674:22)
    at Object.invokeGuardedCallbackDev (http://localhost:5173/node_modules/.vite/deps/chunk-PJEEZAML.js?v=da80ea23:3699:24)
    at invokeGuardedCallback (http://localhost:5173/node_modules/.vite/deps/chunk-PJEEZAML.js?v=da80ea23:3733:39)
    at beginWork$1 (http://localhost:5173/node_modules/.vite/deps/chunk-PJEEZAML.js?v=da80ea23:19765:15)
    at performUnitOfWork (http://localhost:5173/node_modules/.vite/deps/chunk-PJEEZAML.js?v=da80ea23:19198:20)
    at workLoopSync (http://localhost:5173/node_modules/.vite/deps/chunk-PJEEZAML.js?v=da80ea23:19137:13)
[     349ms] [ERROR] The above error occurred in the <FieldPortal> component:

    at FieldPortal (http://localhost:5173/src/pages/FieldPortal.jsx:35:41)
    at div
    at Layout (http://localhost:5173/src/main.jsx:25:19)
    at RenderedRoute (http://localhost:5173/node_modules/.vite/deps/react-router-dom.js?v=adcd3781:6422:26)
    at Routes (http://localhost:5173/node_modules/.vite/deps/react-router-dom.js?v=adcd3781:7299:3)
    at Router (http://localhost:5173/node_modules/.vite/deps/react-router-dom.js?v=adcd3781:7229:13)
    at BrowserRouter (http://localhost:5173/node_modules/.vite/deps/react-router-dom.js?v=adcd3781:10524:3)

Consider adding an error boundary to your tree to customize error handling behavior.
Visit https://reactjs.org/link/error-boundaries to learn more about error boundaries. @ http://localhost:5173/node_modules/.vite/deps/chunk-PJEEZAML.js?v=da80ea23:14031
[     354ms] ReferenceError: Radio is not defined
    at FieldPortal (http://localhost:5173/src/pages/FieldPortal.jsx:106:102)
    at renderWithHooks (http://localhost:5173/node_modules/.vite/deps/chunk-PJEEZAML.js?v=da80ea23:11548:26)
    at mountIndeterminateComponent (http://localhost:5173/node_modules/.vite/deps/chunk-PJEEZAML.js?v=da80ea23:14926:21)
    at beginWork (http://localhost:5173/node_modules/.vite/deps/chunk-PJEEZAML.js?v=da80ea23:15914:22)
    at beginWork$1 (http://localhost:5173/node_modules/.vite/deps/chunk-PJEEZAML.js?v=da80ea23:19753:22)
    at performUnitOfWork (http://localhost:5173/node_modules/.vite/deps/chunk-PJEEZAML.js?v=da80ea23:19198:20)
    at workLoopSync (http://localhost:5173/node_modules/.vite/deps/chunk-PJEEZAML.js?v=da80ea23:19137:13)
    at renderRootSync (http://localhost:5173/node_modules/.vite/deps/chunk-PJEEZAML.js?v=da80ea23:19116:15)
    at recoverFromConcurrentError (http://localhost:5173/node_modules/.vite/deps/chunk-PJEEZAML.js?v=da80ea23:18736:28)
    at performConcurrentWorkOnRoot (http://localhost:5173/node_modules/.vite/deps/chunk-PJEEZAML.js?v=da80ea23:18684:30)
[     356ms] [ERROR] Failed to load resource: the server responded with a status of 404 (Not Found) @ http://localhost:5173/favicon.ico:0
